Arguments: 
  C:\Program Files\nodejs\node.exe C:\Users\Usuario\AppData\Roaming\npm\node_modules\yarn\bin\yarn.js add express-rate-limit

PATH: 
  C:\Windows\system32;C:\Windows;C:\Windows\System32\Wbem;C:\Windows\System32\WindowsPowerShell\v1.0\;C:\Windows\System32\OpenSSH\;C:\Program Files\nodejs\;C:\Program Files\Git\cmd;C:\Program Files\Microsoft SQL Server\Client SDK\ODBC\110\Tools\Binn\;C:\Program Files\Microsoft SQL Server\120\Tools\Binn\;C:\Program Files\Microsoft SQL Server\120\DTS\Binn\;C:\Program Files\Microsoft SQL Server\120\Tools\Binn\ManagementStudio\;C:\Program Files\MongoDB\Server\3.2\bin;C:\xampp\php;C:\composer;C:\Program Files\heroku;C:\ProgramData\chocolatey\bin;C:\Users\Usuario\AppData\Local\Microsoft\WindowsApps;C:\Users\Usuario\AppData\Local\Programs\Microsoft VS Code\bin;C:\Users\Usuario\AppData\Roaming\npm;C:\Program Files\MongoDB\Server\3.2\bin;C:\Program Files\MongoDB\Server\3.2\bin;C:\Users\Usuario\AppData\Roaming\Composer\vendor\bin;C:\Program Files\heroku\bin;

Yarn version: 
  1.22.15

Node version: 
  14.15.4

Platform: 
  win32 ia32

Trace: 
  Error: connect ETIMEDOUT 104.16.16.35:443
      at TCPConnectWrap.afterConnect [as oncomplete] (net.js:1146:16)

npm manifest: 
  {
    "name": "new-typeorm-project",
    "version": "0.0.1",
    "description": "Awesome project developed with TypeORM.",
    "devDependencies": {
      "@types/bcryptjs": "^2.4.2",
      "@types/cors": "^2.8.12",
      "@types/express": "^4.17.13",
      "@types/jsonwebtoken": "^8.5.8",
      "@types/node": "^8.0.29",
      "ts-node": "3.3.0",
      "ts-node-dev": "^1.1.8",
      "tsconfig-paths": "^3.14.0",
      "typescript": "3.3.3333"
    },
    "dependencies": {
      "bcryptjs": "^2.4.3",
      "celebrate": "^15.0.1",
      "cors": "^2.8.5",
      "express": "^4.15.4",
      "express-async-errors": "^3.1.1",
      "jsonwebtoken": "^8.5.1",
      "mongodb": "^3.0.8",
      "reflect-metadata": "^0.1.10",
      "tsyringe": "^4.6.0",
      "typeorm": "0.2.41"
    },
    "scripts": {
      "dev": "ts-node-dev --inspect --transpile-only --ignore-watch node_modules -r tsconfig-paths/register src/shared/infra/http/server.ts",
      "typeorm": "node --require ts-node/register ./node_modules/typeorm/cli.js"
    },
    "main": "index.js",
    "keywords": [],
    "author": "",
    "license": "ISC"
  }

yarn manifest: 
  No manifest

Lockfile: 
  No lockfile
